# JRE version: OpenJDK Runtime Environment Temurin-21.0.8+9 (21.0.8+9) (build 21.0.8+9-LTS)
# Java VM: OpenJDK 64-Bit Server VM Temurin-21.0.8+9 (21.0.8+9-LTS, mixed mode, sharing, tiered, compressed oops, compressed class ptrs, parallel gc, windows-amd64)
GC Precious Log:
 CardTable entry size: 512
 CPUs: 32 total, 32 available
 Memory: 32507M
 Large Page Support: Disabled
 NUMA Support: Disabled
 Compressed Oops: Enabled (32-bit)
 Alignments: Space 512K, Generation 512K, Heap 2M
 Heap Min Capacity: 100M
 Heap Initial Capacity: 100M
 Heap Max Capacity: 2G
 Pre-touch: Disabled
 Parallel Workers: 23
Heap:
 PSYoungGen      total 3072K, used 1892K [0x00000000d5580000, 0x00000000d5900000, 0x0000000100000000)
  eden space 2048K, 76% used [0x00000000d5580000,0x00000000d57092c0,0x00000000d5780000)
  from space 1024K, 31% used [0x00000000d5780000,0x00000000d57d0000,0x00000000d5880000)
  to   space 512K, 0% used [0x00000000d5880000,0x00000000d5880000,0x00000000d5900000)
 ParOldGen       total 1364480K, used 115487K [0x0000000080000000, 0x00000000d3480000, 0x00000000d5580000)
  object space 1364480K, 8% used [0x0000000080000000,0x00000000870c7d38,0x00000000d3480000)
 Metaspace       used 84069K, committed 85568K, reserved 1179648K
  class space    used 9313K, committed 10112K, reserved 1048576K
GC Heap History (20 events):
Event: 16725.944 GC heap before
{Heap before GC invocations=2863 (full 5):
 PSYoungGen      total 3072K, used 2656K [0x00000000d5580000, 0x00000000d5980000, 0x0000000100000000)
  eden space 2048K, 100% used [0x00000000d5580000,0x00000000d5780000,0x00000000d5780000)
  from space 1024K, 59% used [0x00000000d5780000,0x00000000d5818000,0x00000000d5880000)
  to   space 1024K, 0% used [0x00000000d5880000,0x00000000d5880000,0x00000000d5980000)
 ParOldGen       total 1364480K, used 114220K [0x0000000080000000, 0x00000000d3480000, 0x00000000d5580000)
  object space 1364480K, 8% used [0x0000000080000000,0x0000000086f8b318,0x00000000d3480000)
 Metaspace       used 84066K, committed 85568K, reserved 1179648K
  class space    used 9313K, committed 10112K, reserved 1048576K
}
Event: 16725.946 GC heap after
{Heap after GC invocations=2863 (full 5):
 PSYoungGen      total 3072K, used 480K [0x00000000d5580000, 0x00000000d5980000, 0x0000000100000000)
  eden space 2048K, 0% used [0x00000000d5580000,0x00000000d5580000,0x00000000d5780000)
  from space 1024K, 46% used [0x00000000d5880000,0x00000000d58f8000,0x00000000d5980000)
  to   space 1024K, 0% used [0x00000000d5780000,0x00000000d5780000,0x00000000d5880000)
 ParOldGen       total 1364480K, used 114324K [0x0000000080000000, 0x00000000d3480000, 0x00000000d5580000)
  object space 1364480K, 8% used [0x0000000080000000,0x0000000086fa5318,0x00000000d3480000)
 Metaspace       used 84066K, committed 85568K, reserved 1179648K
  class space    used 9313K, committed 10112K, reserved 1048576K
}
Event: 16725.951 GC heap before
{Heap before GC invocations=2864 (full 5):
 PSYoungGen      total 3072K, used 2528K [0x00000000d5580000, 0x00000000d5980000, 0x0000000100000000)
  eden space 2048K, 100% used [0x00000000d5580000,0x00000000d5780000,0x00000000d5780000)
  from space 1024K, 46% used [0x00000000d5880000,0x00000000d58f8000,0x00000000d5980000)
  to   space 1024K, 0% used [0x00000000d5780000,0x00000000d5780000,0x00000000d5880000)
 ParOldGen       total 1364480K, used 114324K [0x0000000080000000, 0x00000000d3480000, 0x00000000d5580000)
  object space 1364480K, 8% used [0x0000000080000000,0x0000000086fa5318,0x00000000d3480000)
 Metaspace       used 84067K, committed 85568K, reserved 1179648K
  class space    used 9313K, committed 10112K, reserved 1048576K
}
Event: 16725.953 GC heap after
{Heap after GC invocations=2864 (full 5):
 PSYoungGen      total 3072K, used 597K [0x00000000d5580000, 0x00000000d5980000, 0x0000000100000000)
  eden space 2048K, 0% used [0x00000000d5580000,0x00000000d5580000,0x00000000d5780000)
  from space 1024K, 58% used [0x00000000d5780000,0x00000000d58155f8,0x00000000d5880000)
  to   space 1024K, 0% used [0x00000000d5880000,0x00000000d5880000,0x00000000d5980000)
 ParOldGen       total 1364480K, used 114572K [0x0000000080000000, 0x00000000d3480000, 0x00000000d5580000)
  object space 1364480K, 8% used [0x0000000080000000,0x0000000086fe3318,0x00000000d3480000)
 Metaspace       used 84067K, committed 85568K, reserved 1179648K
  class space    used 9313K, committed 10112K, reserved 1048576K
}
Event: 16725.986 GC heap before
{Heap before GC invocations=2865 (full 5):
 PSYoungGen      total 3072K, used 2645K [0x00000000d5580000, 0x00000000d5980000, 0x0000000100000000)
  eden space 2048K, 100% used [0x00000000d5580000,0x00000000d5780000,0x00000000d5780000)
  from space 1024K, 58% used [0x00000000d5780000,0x00000000d58155f8,0x00000000d5880000)
  to   space 1024K, 0% used [0x00000000d5880000,0x00000000d5880000,0x00000000d5980000)
 ParOldGen       total 1364480K, used 114572K [0x0000000080000000, 0x00000000d3480000, 0x00000000d5580000)
  object space 1364480K, 8% used [0x0000000080000000,0x0000000086fe3318,0x00000000d3480000)
 Metaspace       used 84067K, committed 85568K, reserved 1179648K
  class space    used 9313K, committed 10112K, reserved 1048576K
}
Event: 16725.987 GC heap after
{Heap after GC invocations=2865 (full 5):
 PSYoungGen      total 2560K, used 448K [0x00000000d5580000, 0x00000000d5900000, 0x0000000100000000)
  eden space 2048K, 0% used [0x00000000d5580000,0x00000000d5580000,0x00000000d5780000)
  from space 512K, 87% used [0x00000000d5880000,0x00000000d58f0000,0x00000000d5900000)
  to   space 512K, 0% used [0x00000000d5800000,0x00000000d5800000,0x00000000d5880000)
 ParOldGen       total 1364480K, used 114743K [0x0000000080000000, 0x00000000d3480000, 0x00000000d5580000)
  object space 1364480K, 8% used [0x0000000080000000,0x000000008700dd28,0x00000000d3480000)
 Metaspace       used 84067K, committed 85568K, reserved 1179648K
  class space    used 9313K, committed 10112K, reserved 1048576K
}
Event: 16726.029 GC heap before
{Heap before GC invocations=2866 (full 5):
 PSYoungGen      total 2560K, used 2496K [0x00000000d5580000, 0x00000000d5900000, 0x0000000100000000)
  eden space 2048K, 100% used [0x00000000d5580000,0x00000000d5780000,0x00000000d5780000)
  from space 512K, 87% used [0x00000000d5880000,0x00000000d58f0000,0x00000000d5900000)
  to   space 512K, 0% used [0x00000000d5800000,0x00000000d5800000,0x00000000d5880000)
 ParOldGen       total 1364480K, used 114743K [0x0000000080000000, 0x00000000d3480000, 0x00000000d5580000)
  object space 1364480K, 8% used [0x0000000080000000,0x000000008700dd28,0x00000000d3480000)
 Metaspace       used 84067K, committed 85568K, reserved 1179648K
  class space    used 9313K, committed 10112K, reserved 1048576K
}
Event: 16726.030 GC heap after
{Heap after GC invocations=2866 (full 5):
 PSYoungGen      total 2560K, used 320K [0x00000000d5580000, 0x00000000d5900000, 0x0000000100000000)
  eden space 2048K, 0% used [0x00000000d5580000,0x00000000d5580000,0x00000000d5780000)
  from space 512K, 62% used [0x00000000d5800000,0x00000000d5850000,0x00000000d5880000)
  to   space 512K, 0% used [0x00000000d5880000,0x00000000d5880000,0x00000000d5900000)
 ParOldGen       total 1364480K, used 114927K [0x0000000080000000, 0x00000000d3480000, 0x00000000d5580000)
  object space 1364480K, 8% used [0x0000000080000000,0x000000008703bd28,0x00000000d3480000)
 Metaspace       used 84067K, committed 85568K, reserved 1179648K
  class space    used 9313K, committed 10112K, reserved 1048576K
}
Event: 16726.065 GC heap before
{Heap before GC invocations=2867 (full 5):
 PSYoungGen      total 2560K, used 2368K [0x00000000d5580000, 0x00000000d5900000, 0x0000000100000000)
  eden space 2048K, 100% used [0x00000000d5580000,0x00000000d5780000,0x00000000d5780000)
  from space 512K, 62% used [0x00000000d5800000,0x00000000d5850000,0x00000000d5880000)
  to   space 512K, 0% used [0x00000000d5880000,0x00000000d5880000,0x00000000d5900000)
 ParOldGen       total 1364480K, used 114927K [0x0000000080000000, 0x00000000d3480000, 0x00000000d5580000)
  object space 1364480K, 8% used [0x0000000080000000,0x000000008703bd28,0x00000000d3480000)
 Metaspace       used 84067K, committed 85568K, reserved 1179648K
  class space    used 9313K, committed 10112K, reserved 1048576K
}
Event: 16726.066 GC heap after
{Heap after GC invocations=2867 (full 5):
 PSYoungGen      total 2560K, used 416K [0x00000000d5580000, 0x00000000d5900000, 0x0000000100000000)
  eden space 2048K, 0% used [0x00000000d5580000,0x00000000d5580000,0x00000000d5780000)
  from space 512K, 81% used [0x00000000d5880000,0x00000000d58e8000,0x00000000d5900000)
  to   space 512K, 0% used [0x00000000d5800000,0x00000000d5800000,0x00000000d5880000)
 ParOldGen       total 1364480K, used 114975K [0x0000000080000000, 0x00000000d3480000, 0x00000000d5580000)
  object space 1364480K, 8% used [0x0000000080000000,0x0000000087047d28,0x00000000d3480000)
 Metaspace       used 84067K, committed 85568K, reserved 1179648K
  class space    used 9313K, committed 10112K, reserved 1048576K
}
Event: 16726.106 GC heap before
{Heap before GC invocations=2868 (full 5):
 PSYoungGen      total 2560K, used 2464K [0x00000000d5580000, 0x00000000d5900000, 0x0000000100000000)
  eden space 2048K, 100% used [0x00000000d5580000,0x00000000d5780000,0x00000000d5780000)
  from space 512K, 81% used [0x00000000d5880000,0x00000000d58e8000,0x00000000d5900000)
  to   space 512K, 0% used [0x00000000d5800000,0x00000000d5800000,0x00000000d5880000)
 ParOldGen       total 1364480K, used 114975K [0x0000000080000000, 0x00000000d3480000, 0x00000000d5580000)
  object space 1364480K, 8% used [0x0000000080000000,0x0000000087047d28,0x00000000d3480000)
 Metaspace       used 84067K, committed 85568K, reserved 1179648K
  class space    used 9313K, committed 10112K, reserved 1048576K
}
Event: 16726.107 GC heap after
{Heap after GC invocations=2868 (full 5):
 PSYoungGen      total 2560K, used 320K [0x00000000d5580000, 0x00000000d5900000, 0x0000000100000000)
  eden space 2048K, 0% used [0x00000000d5580000,0x00000000d5580000,0x00000000d5780000)
  from space 512K, 62% used [0x00000000d5800000,0x00000000d5850000,0x00000000d5880000)
  to   space 512K, 0% used [0x00000000d5880000,0x00000000d5880000,0x00000000d5900000)
 ParOldGen       total 1364480K, used 115039K [0x0000000080000000, 0x00000000d3480000, 0x00000000d5580000)
  object space 1364480K, 8% used [0x0000000080000000,0x0000000087057d28,0x00000000d3480000)
 Metaspace       used 84067K, committed 85568K, reserved 1179648K
  class space    used 9313K, committed 10112K, reserved 1048576K
}
Event: 19210.314 GC heap before
{Heap before GC invocations=2869 (full 5):
 PSYoungGen      total 2560K, used 2346K [0x00000000d5580000, 0x00000000d5900000, 0x0000000100000000)
  eden space 2048K, 98% used [0x00000000d5580000,0x00000000d577ab90,0x00000000d5780000)
  from space 512K, 62% used [0x00000000d5800000,0x00000000d5850000,0x00000000d5880000)
  to   space 512K, 0% used [0x00000000d5880000,0x00000000d5880000,0x00000000d5900000)
 ParOldGen       total 1364480K, used 115039K [0x0000000080000000, 0x00000000d3480000, 0x00000000d5580000)
  object space 1364480K, 8% used [0x0000000080000000,0x0000000087057d28,0x00000000d3480000)
 Metaspace       used 84067K, committed 85568K, reserved 1179648K
  class space    used 9313K, committed 10112K, reserved 1048576K
}
Event: 19210.319 GC heap after
{Heap after GC invocations=2869 (full 5):
 PSYoungGen      total 2560K, used 480K [0x00000000d5580000, 0x00000000d5980000, 0x0000000100000000)
  eden space 2048K, 0% used [0x00000000d5580000,0x00000000d5580000,0x00000000d5780000)
  from space 512K, 93% used [0x00000000d5880000,0x00000000d58f8010,0x00000000d5900000)
  to   space 1024K, 0% used [0x00000000d5780000,0x00000000d5780000,0x00000000d5880000)
 ParOldGen       total 1364480K, used 115191K [0x0000000080000000, 0x00000000d3480000, 0x00000000d5580000)
  object space 1364480K, 8% used [0x0000000080000000,0x000000008707dd38,0x00000000d3480000)
 Metaspace       used 84067K, committed 85568K, reserved 1179648K
  class space    used 9313K, committed 10112K, reserved 1048576K
}
Event: 20857.437 GC heap before
{Heap before GC invocations=2870 (full 5):
 PSYoungGen      total 2560K, used 2528K [0x00000000d5580000, 0x00000000d5980000, 0x0000000100000000)
  eden space 2048K, 100% used [0x00000000d5580000,0x00000000d5780000,0x00000000d5780000)
  from space 512K, 93% used [0x00000000d5880000,0x00000000d58f8010,0x00000000d5900000)
  to   space 1024K, 0% used [0x00000000d5780000,0x00000000d5780000,0x00000000d5880000)
 ParOldGen       total 1364480K, used 115191K [0x0000000080000000, 0x00000000d3480000, 0x00000000d5580000)
  object space 1364480K, 8% used [0x0000000080000000,0x000000008707dd38,0x00000000d3480000)
 Metaspace       used 84067K, committed 85568K, reserved 1179648K
  class space    used 9313K, committed 10112K, reserved 1048576K
}
Event: 20857.440 GC heap after
{Heap after GC invocations=2870 (full 5):
 PSYoungGen      total 3072K, used 672K [0x00000000d5580000, 0x00000000d5980000, 0x0000000100000000)
  eden space 2048K, 0% used [0x00000000d5580000,0x00000000d5580000,0x00000000d5780000)
  from space 1024K, 65% used [0x00000000d5780000,0x00000000d5828000,0x00000000d5880000)
  to   space 1024K, 0% used [0x00000000d5880000,0x00000000d5880000,0x00000000d5980000)
 ParOldGen       total 1364480K, used 115231K [0x0000000080000000, 0x00000000d3480000, 0x00000000d5580000)
  object space 1364480K, 8% used [0x0000000080000000,0x0000000087087d38,0x00000000d3480000)
 Metaspace       used 84067K, committed 85568K, reserved 1179648K
  class space    used 9313K, committed 10112K, reserved 1048576K
}
Event: 24610.580 GC heap before
{Heap before GC invocations=2871 (full 5):
 PSYoungGen      total 3072K, used 2719K [0x00000000d5580000, 0x00000000d5980000, 0x0000000100000000)
  eden space 2048K, 99% used [0x00000000d5580000,0x00000000d577ffe8,0x00000000d5780000)
  from space 1024K, 65% used [0x00000000d5780000,0x00000000d5828000,0x00000000d5880000)
  to   space 1024K, 0% used [0x00000000d5880000,0x00000000d5880000,0x00000000d5980000)
 ParOldGen       total 1364480K, used 115231K [0x0000000080000000, 0x00000000d3480000, 0x00000000d5580000)
  object space 1364480K, 8% used [0x0000000080000000,0x0000000087087d38,0x00000000d3480000)
 Metaspace       used 84068K, committed 85568K, reserved 1179648K
  class space    used 9313K, committed 10112K, reserved 1048576K
}
Event: 24610.587 GC heap after
{Heap after GC invocations=2871 (full 5):
 PSYoungGen      total 3072K, used 608K [0x00000000d5580000, 0x00000000d5980000, 0x0000000100000000)
  eden space 2048K, 0% used [0x00000000d5580000,0x00000000d5580000,0x00000000d5780000)
  from space 1024K, 59% used [0x00000000d5880000,0x00000000d5918000,0x00000000d5980000)
  to   space 1024K, 0% used [0x00000000d5780000,0x00000000d5780000,0x00000000d5880000)
 ParOldGen       total 1364480K, used 115359K [0x0000000080000000, 0x00000000d3480000, 0x00000000d5580000)
  object space 1364480K, 8% used [0x0000000080000000,0x00000000870a7d38,0x00000000d3480000)
 Metaspace       used 84068K, committed 85568K, reserved 1179648K
  class space    used 9313K, committed 10112K, reserved 1048576K
}
Event: 29110.672 GC heap before
{Heap before GC invocations=2872 (full 5):
 PSYoungGen      total 3072K, used 2649K [0x00000000d5580000, 0x00000000d5980000, 0x0000000100000000)
  eden space 2048K, 99% used [0x00000000d5580000,0x00000000d577e5b8,0x00000000d5780000)
  from space 1024K, 59% used [0x00000000d5880000,0x00000000d5918000,0x00000000d5980000)
  to   space 1024K, 0% used [0x00000000d5780000,0x00000000d5780000,0x00000000d5880000)
 ParOldGen       total 1364480K, used 115359K [0x0000000080000000, 0x00000000d3480000, 0x00000000d5580000)
  object space 1364480K, 8% used [0x0000000080000000,0x00000000870a7d38,0x00000000d3480000)
 Metaspace       used 84069K, committed 85568K, reserved 1179648K
  class space    used 9313K, committed 10112K, reserved 1048576K
}
Event: 29110.674 GC heap after
{Heap after GC invocations=2872 (full 5):
 PSYoungGen      total 3072K, used 320K [0x00000000d5580000, 0x00000000d5900000, 0x0000000100000000)
  eden space 2048K, 0% used [0x00000000d5580000,0x00000000d5580000,0x00000000d5780000)
  from space 1024K, 31% used [0x00000000d5780000,0x00000000d57d0000,0x00000000d5880000)
  to   space 512K, 0% used [0x00000000d5880000,0x00000000d5880000,0x00000000d5900000)
 ParOldGen       total 1364480K, used 115487K [0x0000000080000000, 0x00000000d3480000, 0x00000000d5580000)
  object space 1364480K, 8% used [0x0000000080000000,0x00000000870c7d38,0x00000000d3480000)
 Metaspace       used 84069K, committed 85568K, reserved 1179648K
  class space    used 9313K, committed 10112K, reserved 1048576K
}

