
FAILURE: Build failed with an exception.

* What went wrong:
Project 'app' not found in root project 'uprise_mob'.

* Try:
Run with --stacktrace option to get the stack trace. Run with --info or --debug option to get more log output. Run with --scan to get full insights.

* Get more help at https://help.gradle.org

BUILD FAILED in 779ms
